<?xml version="1.0" encoding="UTF-8"?>
<!-- Generated by org.testng.reporters.JUnitXMLReporter -->
<testsuite ignored="0" hostname="lgvn14742" failures="0" tests="4" name="Test2" time="11.307" errors="0" timestamp="2023-12-01T13:27:09 ICT">
  <testcase classname="Railway.test.TC04" name="enter" time="1.906"/>
  <testcase classname="Railway.test.TC04" name="enter" time="1.642"/>
  <testcase classname="Railway.test.TC04" name="enter" time="1.607"/>
  <testcase classname="Railway.test.TC04" name="enter" time="1.504"/>
</testsuite> <!-- Test2 -->
